2023.03.16 00:27:51 INFO  Started: Metals version 0.11.11 in workspace '/home/hassan/Scala Functional Programming' for client Visual Studio Code 1.76.1.
SLF4J: No SLF4J providers were found.
SLF4J: Defaulting to no-operation (NOP) logger implementation
SLF4J: See https://www.slf4j.org/codes.html#noProviders for further details.
SLF4J: Class path contains SLF4J bindings targeting slf4j-api versions 1.7.x or earlier.
SLF4J: Ignoring binding found at [jar:file:/home/hassan/.cache/coursier/v1/https/repo1.maven.org/maven2/com/outr/scribe-slf4j_2.13/3.11.0/scribe-slf4j_2.13-3.11.0.jar!/org/slf4j/impl/StaticLoggerBinder.class]
SLF4J: See https://www.slf4j.org/codes.html#ignoredBindings for an explanation.
2023.03.16 00:27:52 INFO  time: initialize in 1.64s
2023.03.16 00:27:57 WARN  Build server is not auto-connectable.
2023.03.16 01:46:08 INFO  Started: Metals version 0.11.11 in workspace '/home/hassan/Scala Functional Programming' for client Visual Studio Code 1.76.1.
SLF4J: No SLF4J providers were found.
SLF4J: Defaulting to no-operation (NOP) logger implementation
SLF4J: See https://www.slf4j.org/codes.html#noProviders for further details.
SLF4J: Class path contains SLF4J bindings targeting slf4j-api versions 1.7.x or earlier.
SLF4J: Ignoring binding found at [jar:file:/home/hassan/.cache/coursier/v1/https/repo1.maven.org/maven2/com/outr/scribe-slf4j_2.13/3.11.0/scribe-slf4j_2.13-3.11.0.jar!/org/slf4j/impl/StaticLoggerBinder.class]
SLF4J: See https://www.slf4j.org/codes.html#ignoredBindings for an explanation.
2023.03.16 01:46:13 INFO  time: initialize in 4.49s
2023.03.16 01:46:19 WARN  Build server is not auto-connectable.
2023.03.16 01:46:19 WARN  no build target for: /home/hassan/Scala Functional Programming/src/main/scala/Assignment 1/exe1.scala
Mar 16, 2023 1:46:21 AM org.eclipse.lsp4j.jsonrpc.services.GenericEndpoint notify
INFO: Unsupported notification method: $/setTrace
2023.03.16 01:46:30 INFO  no build target found for /home/hassan/Scala Functional Programming/src/main/scala/Assignment 1/exe1.scala. Using presentation compiler with project's scala-library version: 3.2.2
